{"numFailedTestSuites":1,"numFailedTests":1,"numPassedTestSuites":1,"numPassedTests":1,"numPendingTestSuites":0,"numPendingTests":0,"numRuntimeErrorTestSuites":0,"numTodoTests":0,"numTotalTestSuites":2,"numTotalTests":2,"openHandles":[],"snapshot":{"added":0,"didUpdate":false,"failure":false,"filesAdded":0,"filesRemoved":0,"filesUnmatched":0,"filesUpdated":0,"matched":0,"total":0,"unchecked":0,"uncheckedKeysByFile":[],"unmatched":0,"updated":0},"startTime":1551463494369,"success":false,"testResults":[{"assertionResults":[{"ancestorTitles":[],"failureMessages":["Error: \u001b[2mexpect(\u001b[22m\u001b[31mreceived\u001b[39m\u001b[2m).toBe(\u001b[22m\u001b[32mexpected\u001b[39m\u001b[2m) // Object.is equality\u001b[22m\n\nExpected: \u001b[32m4\u001b[39m\nReceived: \u001b[31m6\u001b[39m\n    at Object.toBe (/Users/frankiesimms/Desktop/nodejs-typescript-kit/src/example.test.js:4:21)\n    at Object.asyncJestTest (/Users/frankiesimms/Desktop/nodejs-typescript-kit/node_modules/jest-jasmine2/build/jasmineAsyncInstall.js:102:37)\n    at resolve (/Users/frankiesimms/Desktop/nodejs-typescript-kit/node_modules/jest-jasmine2/build/queueRunner.js:41:12)\n    at new Promise (<anonymous>)\n    at mapper (/Users/frankiesimms/Desktop/nodejs-typescript-kit/node_modules/jest-jasmine2/build/queueRunner.js:26:19)\n    at promise.then (/Users/frankiesimms/Desktop/nodejs-typescript-kit/node_modules/jest-jasmine2/build/queueRunner.js:71:41)\n    at process._tickCallback (internal/process/next_tick.js:68:7)"],"fullName":"basic test","location":null,"status":"failed","title":"basic test"}],"endTime":1551463495762,"message":"\u001b[1m\u001b[31m  \u001b[1m● \u001b[1mbasic test\u001b[39m\u001b[22m\n\n    \u001b[2mexpect(\u001b[22m\u001b[31mreceived\u001b[39m\u001b[2m).toBe(\u001b[22m\u001b[32mexpected\u001b[39m\u001b[2m) // Object.is equality\u001b[22m\n\n    Expected: \u001b[32m4\u001b[39m\n    Received: \u001b[31m6\u001b[39m\n\u001b[2m\u001b[22m\n\u001b[2m    \u001b[0m \u001b[90m 2 | \u001b[39m\u001b[0m\u001b[22m\n\u001b[2m    \u001b[0m \u001b[90m 3 | \u001b[39mtest(\u001b[32m'basic test'\u001b[39m\u001b[33m,\u001b[39m () \u001b[33m=>\u001b[39m {\u001b[0m\u001b[22m\n\u001b[2m    \u001b[0m\u001b[31m\u001b[1m>\u001b[2m\u001b[39m\u001b[90m 4 | \u001b[39m  expect(add(\u001b[35m2\u001b[39m\u001b[33m,\u001b[39m \u001b[35m4\u001b[39m))\u001b[33m.\u001b[39mtoBe(\u001b[35m4\u001b[39m)\u001b[33m;\u001b[39m\u001b[0m\u001b[22m\n\u001b[2m    \u001b[0m \u001b[90m   | \u001b[39m                    \u001b[31m\u001b[1m^\u001b[2m\u001b[39m\u001b[0m\u001b[22m\n\u001b[2m    \u001b[0m \u001b[90m 5 | \u001b[39m})\u001b[33m;\u001b[39m\u001b[0m\u001b[22m\n\u001b[2m    \u001b[0m \u001b[90m 6 | \u001b[39m\u001b[0m\u001b[22m\n\u001b[2m\u001b[22m\n\u001b[2m      \u001b[2mat Object.toBe (\u001b[2m\u001b[0m\u001b[36msrc/example.test.js\u001b[39m\u001b[0m\u001b[2m:4:21)\u001b[2m\u001b[22m\n","name":"/Users/frankiesimms/Desktop/nodejs-typescript-kit/src/example.test.js","startTime":1551463495173,"status":"failed","summary":""},{"assertionResults":[{"ancestorTitles":[],"failureMessages":[],"fullName":"basic test","location":null,"status":"passed","title":"basic test"}],"endTime":1551463495930,"message":"","name":"/Users/frankiesimms/Desktop/nodejs-typescript-kit/src/index.test.ts","startTime":1551463495177,"status":"passed","summary":""}],"wasInterrupted":false}